Started GET "/" for 127.0.0.1 at 2017-09-17 01:24:08 -0400
Processing by Rails::WelcomeController#index as HTML
  Rendering /home/insane/.rbenv/versions/2.4.1/lib/ruby/gems/2.4.0/gems/railties-5.1.4/lib/rails/templates/rails/welcome/index.html.erb
  Rendered /home/insane/.rbenv/versions/2.4.1/lib/ruby/gems/2.4.0/gems/railties-5.1.4/lib/rails/templates/rails/welcome/index.html.erb (5.1ms)
Completed 200 OK in 321ms (Views: 26.1ms)


Started GET "/" for 127.0.0.1 at 2017-09-17 01:26:07 -0400
Processing by ApiController#test as HTML
  Rendering api/test.html within layouts/application
  Rendered api/test.html within layouts/application (0.5ms)
Completed 200 OK in 290ms (Views: 289.1ms)


  
ActionController::RoutingError (No route matches [GET] "/assets/js/script.js"):
  
actionpack (5.1.4) lib/action_dispatch/middleware/debug_exceptions.rb:63:in `call'
web-console (3.5.1) lib/web_console/middleware.rb:135:in `call_app'
web-console (3.5.1) lib/web_console/middleware.rb:28:in `block in call'
web-console (3.5.1) lib/web_console/middleware.rb:18:in `catch'
web-console (3.5.1) lib/web_console/middleware.rb:18:in `call'
actionpack (5.1.4) lib/action_dispatch/middleware/show_exceptions.rb:31:in `call'
railties (5.1.4) lib/rails/rack/logger.rb:36:in `call_app'
railties (5.1.4) lib/rails/rack/logger.rb:24:in `block in call'
activesupport (5.1.4) lib/active_support/tagged_logging.rb:69:in `block in tagged'
activesupport (5.1.4) lib/active_support/tagged_logging.rb:26:in `tagged'
activesupport (5.1.4) lib/active_support/tagged_logging.rb:69:in `tagged'
railties (5.1.4) lib/rails/rack/logger.rb:24:in `call'
sprockets-rails (3.2.1) lib/sprockets/rails/quiet_assets.rb:11:in `block in call'
activesupport (5.1.4) lib/active_support/logger_silence.rb:20:in `silence'
activesupport (5.1.4) lib/active_support/logger.rb:63:in `block (3 levels) in broadcast'
activesupport (5.1.4) lib/active_support/logger_silence.rb:20:in `silence'
activesupport (5.1.4) lib/active_support/logger.rb:61:in `block (2 levels) in broadcast'
sprockets-rails (3.2.1) lib/sprockets/rails/quiet_assets.rb:11:in `call'
actionpack (5.1.4) lib/action_dispatch/middleware/remote_ip.rb:79:in `call'
actionpack (5.1.4) lib/action_dispatch/middleware/request_id.rb:25:in `call'
rack (2.0.3) lib/rack/method_override.rb:22:in `call'
rack (2.0.3) lib/rack/runtime.rb:22:in `call'
activesupport (5.1.4) lib/active_support/cache/strategy/local_cache_middleware.rb:27:in `call'
actionpack (5.1.4) lib/action_dispatch/middleware/executor.rb:12:in `call'
actionpack (5.1.4) lib/action_dispatch/middleware/static.rb:125:in `call'
rack (2.0.3) lib/rack/sendfile.rb:111:in `call'
railties (5.1.4) lib/rails/engine.rb:522:in `call'
puma (3.10.0) lib/puma/configuration.rb:225:in `call'
puma (3.10.0) lib/puma/server.rb:605:in `handle_request'
puma (3.10.0) lib/puma/server.rb:437:in `process_client'
puma (3.10.0) lib/puma/server.rb:301:in `block in run'
puma (3.10.0) lib/puma/thread_pool.rb:120:in `block in spawn_thread'
Started GET "/" for 127.0.0.1 at 2017-09-17 01:26:40 -0400
Processing by ApiController#test as HTML
  Rendering api/test.html within layouts/application
  Rendered api/test.html within layouts/application (1.3ms)
Completed 200 OK in 39ms (Views: 36.8ms)


  
ActionController::RoutingError (No route matches [GET] "/assets/js/script.js"):
  
actionpack (5.1.4) lib/action_dispatch/middleware/debug_exceptions.rb:63:in `call'
web-console (3.5.1) lib/web_console/middleware.rb:135:in `call_app'
web-console (3.5.1) lib/web_console/middleware.rb:28:in `block in call'
web-console (3.5.1) lib/web_console/middleware.rb:18:in `catch'
web-console (3.5.1) lib/web_console/middleware.rb:18:in `call'
actionpack (5.1.4) lib/action_dispatch/middleware/show_exceptions.rb:31:in `call'
railties (5.1.4) lib/rails/rack/logger.rb:36:in `call_app'
railties (5.1.4) lib/rails/rack/logger.rb:24:in `block in call'
activesupport (5.1.4) lib/active_support/tagged_logging.rb:69:in `block in tagged'
activesupport (5.1.4) lib/active_support/tagged_logging.rb:26:in `tagged'
activesupport (5.1.4) lib/active_support/tagged_logging.rb:69:in `tagged'
railties (5.1.4) lib/rails/rack/logger.rb:24:in `call'
sprockets-rails (3.2.1) lib/sprockets/rails/quiet_assets.rb:11:in `block in call'
activesupport (5.1.4) lib/active_support/logger_silence.rb:20:in `silence'
activesupport (5.1.4) lib/active_support/logger.rb:63:in `block (3 levels) in broadcast'
activesupport (5.1.4) lib/active_support/logger_silence.rb:20:in `silence'
activesupport (5.1.4) lib/active_support/logger.rb:61:in `block (2 levels) in broadcast'
sprockets-rails (3.2.1) lib/sprockets/rails/quiet_assets.rb:11:in `call'
actionpack (5.1.4) lib/action_dispatch/middleware/remote_ip.rb:79:in `call'
actionpack (5.1.4) lib/action_dispatch/middleware/request_id.rb:25:in `call'
rack (2.0.3) lib/rack/method_override.rb:22:in `call'
rack (2.0.3) lib/rack/runtime.rb:22:in `call'
activesupport (5.1.4) lib/active_support/cache/strategy/local_cache_middleware.rb:27:in `call'
actionpack (5.1.4) lib/action_dispatch/middleware/executor.rb:12:in `call'
actionpack (5.1.4) lib/action_dispatch/middleware/static.rb:125:in `call'
rack (2.0.3) lib/rack/sendfile.rb:111:in `call'
railties (5.1.4) lib/rails/engine.rb:522:in `call'
puma (3.10.0) lib/puma/configuration.rb:225:in `call'
puma (3.10.0) lib/puma/server.rb:605:in `handle_request'
puma (3.10.0) lib/puma/server.rb:437:in `process_client'
puma (3.10.0) lib/puma/server.rb:301:in `block in run'
puma (3.10.0) lib/puma/thread_pool.rb:120:in `block in spawn_thread'
  
ActionController::RoutingError (No route matches [GET] "/assets/js/script.js"):
  
actionpack (5.1.4) lib/action_dispatch/middleware/debug_exceptions.rb:63:in `call'
web-console (3.5.1) lib/web_console/middleware.rb:135:in `call_app'
web-console (3.5.1) lib/web_console/middleware.rb:28:in `block in call'
web-console (3.5.1) lib/web_console/middleware.rb:18:in `catch'
web-console (3.5.1) lib/web_console/middleware.rb:18:in `call'
actionpack (5.1.4) lib/action_dispatch/middleware/show_exceptions.rb:31:in `call'
railties (5.1.4) lib/rails/rack/logger.rb:36:in `call_app'
railties (5.1.4) lib/rails/rack/logger.rb:24:in `block in call'
activesupport (5.1.4) lib/active_support/tagged_logging.rb:69:in `block in tagged'
activesupport (5.1.4) lib/active_support/tagged_logging.rb:26:in `tagged'
activesupport (5.1.4) lib/active_support/tagged_logging.rb:69:in `tagged'
railties (5.1.4) lib/rails/rack/logger.rb:24:in `call'
sprockets-rails (3.2.1) lib/sprockets/rails/quiet_assets.rb:11:in `block in call'
activesupport (5.1.4) lib/active_support/logger_silence.rb:20:in `silence'
activesupport (5.1.4) lib/active_support/logger.rb:63:in `block (3 levels) in broadcast'
activesupport (5.1.4) lib/active_support/logger_silence.rb:20:in `silence'
activesupport (5.1.4) lib/active_support/logger.rb:61:in `block (2 levels) in broadcast'
sprockets-rails (3.2.1) lib/sprockets/rails/quiet_assets.rb:11:in `call'
actionpack (5.1.4) lib/action_dispatch/middleware/remote_ip.rb:79:in `call'
actionpack (5.1.4) lib/action_dispatch/middleware/request_id.rb:25:in `call'
rack (2.0.3) lib/rack/method_override.rb:22:in `call'
rack (2.0.3) lib/rack/runtime.rb:22:in `call'
activesupport (5.1.4) lib/active_support/cache/strategy/local_cache_middleware.rb:27:in `call'
actionpack (5.1.4) lib/action_dispatch/middleware/executor.rb:12:in `call'
actionpack (5.1.4) lib/action_dispatch/middleware/static.rb:125:in `call'
rack (2.0.3) lib/rack/sendfile.rb:111:in `call'
railties (5.1.4) lib/rails/engine.rb:522:in `call'
puma (3.10.0) lib/puma/configuration.rb:225:in `call'
puma (3.10.0) lib/puma/server.rb:605:in `handle_request'
puma (3.10.0) lib/puma/server.rb:437:in `process_client'
puma (3.10.0) lib/puma/server.rb:301:in `block in run'
puma (3.10.0) lib/puma/thread_pool.rb:120:in `block in spawn_thread'
Started GET "/" for 127.0.0.1 at 2017-09-17 01:27:56 -0400
Processing by ApiController#test as HTML
  Rendering api/test.html within layouts/application
  Rendered api/test.html within layouts/application (0.7ms)
Completed 200 OK in 62ms (Views: 60.3ms)


Started GET "/" for 127.0.0.1 at 2017-09-17 01:28:13 -0400
Processing by ApiController#test as HTML
  Rendering api/test.html within layouts/application
  Rendered api/test.html within layouts/application (0.6ms)
Completed 200 OK in 22ms (Views: 21.0ms)


Started GET "/" for 127.0.0.1 at 2017-09-17 01:28:16 -0400
Processing by ApiController#test as HTML
  Rendering api/test.html within layouts/application
  Rendered api/test.html within layouts/application (0.5ms)
Completed 200 OK in 26ms (Views: 25.3ms)


Started GET "/" for 127.0.0.1 at 2017-09-17 01:29:33 -0400
Processing by ApiController#test as HTML
  Rendering api/test.html within layouts/application
  Rendered api/test.html within layouts/application (0.4ms)
Completed 200 OK in 25ms (Views: 23.1ms)


Started POST "/" for 127.0.0.1 at 2017-09-17 01:29:34 -0400
Processing by ApiController#home as */*
  Rendering api/index.html within layouts/application
  Rendered api/index.html within layouts/application (0.8ms)
Completed 200 OK in 26ms (Views: 24.9ms)


  
ActionController::RoutingError (No route matches [GET] "/assets/css/style.css"):
  
actionpack (5.1.4) lib/action_dispatch/middleware/debug_exceptions.rb:63:in `call'
web-console (3.5.1) lib/web_console/middleware.rb:135:in `call_app'
web-console (3.5.1) lib/web_console/middleware.rb:28:in `block in call'
web-console (3.5.1) lib/web_console/middleware.rb:18:in `catch'
web-console (3.5.1) lib/web_console/middleware.rb:18:in `call'
actionpack (5.1.4) lib/action_dispatch/middleware/show_exceptions.rb:31:in `call'
railties (5.1.4) lib/rails/rack/logger.rb:36:in `call_app'
railties (5.1.4) lib/rails/rack/logger.rb:24:in `block in call'
activesupport (5.1.4) lib/active_support/tagged_logging.rb:69:in `block in tagged'
activesupport (5.1.4) lib/active_support/tagged_logging.rb:26:in `tagged'
activesupport (5.1.4) lib/active_support/tagged_logging.rb:69:in `tagged'
railties (5.1.4) lib/rails/rack/logger.rb:24:in `call'
sprockets-rails (3.2.1) lib/sprockets/rails/quiet_assets.rb:11:in `block in call'
activesupport (5.1.4) lib/active_support/logger_silence.rb:20:in `silence'
activesupport (5.1.4) lib/active_support/logger.rb:63:in `block (3 levels) in broadcast'
activesupport (5.1.4) lib/active_support/logger_silence.rb:20:in `silence'
activesupport (5.1.4) lib/active_support/logger.rb:61:in `block (2 levels) in broadcast'
sprockets-rails (3.2.1) lib/sprockets/rails/quiet_assets.rb:11:in `call'
actionpack (5.1.4) lib/action_dispatch/middleware/remote_ip.rb:79:in `call'
actionpack (5.1.4) lib/action_dispatch/middleware/request_id.rb:25:in `call'
rack (2.0.3) lib/rack/method_override.rb:22:in `call'
rack (2.0.3) lib/rack/runtime.rb:22:in `call'
activesupport (5.1.4) lib/active_support/cache/strategy/local_cache_middleware.rb:27:in `call'
actionpack (5.1.4) lib/action_dispatch/middleware/executor.rb:12:in `call'
actionpack (5.1.4) lib/action_dispatch/middleware/static.rb:125:in `call'
rack (2.0.3) lib/rack/sendfile.rb:111:in `call'
railties (5.1.4) lib/rails/engine.rb:522:in `call'
puma (3.10.0) lib/puma/configuration.rb:225:in `call'
puma (3.10.0) lib/puma/server.rb:605:in `handle_request'
puma (3.10.0) lib/puma/server.rb:437:in `process_client'
puma (3.10.0) lib/puma/server.rb:301:in `block in run'
puma (3.10.0) lib/puma/thread_pool.rb:120:in `block in spawn_thread'
Started GET "/" for 127.0.0.1 at 2017-09-17 01:30:00 -0400
Processing by ApiController#test as HTML
  Rendering api/test.html within layouts/application
  Rendered api/test.html within layouts/application (0.5ms)
Completed 200 OK in 24ms (Views: 22.3ms)


Started POST "/" for 127.0.0.1 at 2017-09-17 01:30:01 -0400
Processing by ApiController#home as */*
Completed 500 Internal Server Error in 99ms


  
NoMethodError (undefined method `erb' for #<ApiController:0x007fcb10635d20>):
  
app/controllers/api_controller.rb:3:in `home'
Started GET "/" for 127.0.0.1 at 2017-09-17 01:30:48 -0400
Processing by ApiController#test as HTML
  Rendering api/test.html within layouts/application
  Rendered api/test.html within layouts/application (0.4ms)
Completed 200 OK in 24ms (Views: 22.6ms)


Started POST "/" for 127.0.0.1 at 2017-09-17 01:30:49 -0400
Processing by ApiController#home as */*
Completed 500 Internal Server Error in 97ms


  
NoMethodError (undefined method `erb' for #<ApiController:0x007fcb10419438>):
  
app/controllers/api_controller.rb:3:in `home'
Started GET "/" for 127.0.0.1 at 2017-09-17 01:32:01 -0400
Processing by ApiController#test as HTML
  Rendering api/test.html within layouts/application
  Rendered api/test.html within layouts/application (0.4ms)
Completed 200 OK in 21ms (Views: 20.1ms)


Started POST "/" for 127.0.0.1 at 2017-09-17 01:32:02 -0400
Processing by ApiController#home as */*
Completed 500 Internal Server Error in 2ms


  
ArgumentError (too few arguments):
  
app/controllers/api_controller.rb:3:in `format'
app/controllers/api_controller.rb:3:in `home'
Started GET "/" for 127.0.0.1 at 2017-09-17 01:32:26 -0400
Processing by ApiController#test as HTML
  Rendering api/test.html within layouts/application
  Rendered api/test.html within layouts/application (0.7ms)
Completed 200 OK in 23ms (Views: 21.7ms)


Started POST "/" for 127.0.0.1 at 2017-09-17 01:32:27 -0400
Processing by ApiController#home as */*
  Rendering api/index.html
  Rendered api/index.html (5.2ms)
Completed 200 OK in 11ms (Views: 10.0ms)


  
ActionController::RoutingError (No route matches [GET] "/assets/css/style.css"):
  
actionpack (5.1.4) lib/action_dispatch/middleware/debug_exceptions.rb:63:in `call'
web-console (3.5.1) lib/web_console/middleware.rb:135:in `call_app'
web-console (3.5.1) lib/web_console/middleware.rb:28:in `block in call'
web-console (3.5.1) lib/web_console/middleware.rb:18:in `catch'
web-console (3.5.1) lib/web_console/middleware.rb:18:in `call'
actionpack (5.1.4) lib/action_dispatch/middleware/show_exceptions.rb:31:in `call'
railties (5.1.4) lib/rails/rack/logger.rb:36:in `call_app'
railties (5.1.4) lib/rails/rack/logger.rb:24:in `block in call'
activesupport (5.1.4) lib/active_support/tagged_logging.rb:69:in `block in tagged'
activesupport (5.1.4) lib/active_support/tagged_logging.rb:26:in `tagged'
activesupport (5.1.4) lib/active_support/tagged_logging.rb:69:in `tagged'
railties (5.1.4) lib/rails/rack/logger.rb:24:in `call'
sprockets-rails (3.2.1) lib/sprockets/rails/quiet_assets.rb:11:in `block in call'
activesupport (5.1.4) lib/active_support/logger_silence.rb:20:in `silence'
activesupport (5.1.4) lib/active_support/logger.rb:63:in `block (3 levels) in broadcast'
activesupport (5.1.4) lib/active_support/logger_silence.rb:20:in `silence'
activesupport (5.1.4) lib/active_support/logger.rb:61:in `block (2 levels) in broadcast'
sprockets-rails (3.2.1) lib/sprockets/rails/quiet_assets.rb:11:in `call'
actionpack (5.1.4) lib/action_dispatch/middleware/remote_ip.rb:79:in `call'
actionpack (5.1.4) lib/action_dispatch/middleware/request_id.rb:25:in `call'
rack (2.0.3) lib/rack/method_override.rb:22:in `call'
rack (2.0.3) lib/rack/runtime.rb:22:in `call'
activesupport (5.1.4) lib/active_support/cache/strategy/local_cache_middleware.rb:27:in `call'
actionpack (5.1.4) lib/action_dispatch/middleware/executor.rb:12:in `call'
actionpack (5.1.4) lib/action_dispatch/middleware/static.rb:125:in `call'
rack (2.0.3) lib/rack/sendfile.rb:111:in `call'
railties (5.1.4) lib/rails/engine.rb:522:in `call'
puma (3.10.0) lib/puma/configuration.rb:225:in `call'
puma (3.10.0) lib/puma/server.rb:605:in `handle_request'
puma (3.10.0) lib/puma/server.rb:437:in `process_client'
puma (3.10.0) lib/puma/server.rb:301:in `block in run'
puma (3.10.0) lib/puma/thread_pool.rb:120:in `block in spawn_thread'
Started GET "/" for 127.0.0.1 at 2017-09-17 01:33:10 -0400
Processing by ApiController#test as HTML
  Rendering api/test.html within layouts/application
  Rendered api/test.html within layouts/application (0.9ms)
Completed 200 OK in 26ms (Views: 24.9ms)


Started POST "/" for 127.0.0.1 at 2017-09-17 01:33:13 -0400
Processing by ApiController#home as */*
  Rendering api/index.html
  Rendered api/index.html (0.7ms)
Completed 200 OK in 5ms (Views: 4.3ms)


Started GET "/" for 127.0.0.1 at 2017-09-17 01:34:12 -0400
Processing by ApiController#test as HTML
  Rendering api/test.html within layouts/application
  Rendered api/test.html within layouts/application (2.4ms)
Completed 200 OK in 35ms (Views: 33.0ms)


Started POST "/" for 127.0.0.1 at 2017-09-17 01:34:13 -0400
Processing by ApiController#home as */*
  Rendering api/index.html
  Rendered api/index.html (1.0ms)
Completed 200 OK in 9ms (Views: 8.1ms)


Started GET "/script.js" for 127.0.0.1 at 2017-09-17 01:34:13 -0400
  
ActionController::RoutingError (No route matches [GET] "/script.js"):
  
actionpack (5.1.4) lib/action_dispatch/middleware/debug_exceptions.rb:63:in `call'
web-console (3.5.1) lib/web_console/middleware.rb:135:in `call_app'
web-console (3.5.1) lib/web_console/middleware.rb:28:in `block in call'
web-console (3.5.1) lib/web_console/middleware.rb:18:in `catch'
web-console (3.5.1) lib/web_console/middleware.rb:18:in `call'
actionpack (5.1.4) lib/action_dispatch/middleware/show_exceptions.rb:31:in `call'
railties (5.1.4) lib/rails/rack/logger.rb:36:in `call_app'
railties (5.1.4) lib/rails/rack/logger.rb:24:in `block in call'
activesupport (5.1.4) lib/active_support/tagged_logging.rb:69:in `block in tagged'
activesupport (5.1.4) lib/active_support/tagged_logging.rb:26:in `tagged'
activesupport (5.1.4) lib/active_support/tagged_logging.rb:69:in `tagged'
railties (5.1.4) lib/rails/rack/logger.rb:24:in `call'
sprockets-rails (3.2.1) lib/sprockets/rails/quiet_assets.rb:13:in `call'
actionpack (5.1.4) lib/action_dispatch/middleware/remote_ip.rb:79:in `call'
actionpack (5.1.4) lib/action_dispatch/middleware/request_id.rb:25:in `call'
rack (2.0.3) lib/rack/method_override.rb:22:in `call'
rack (2.0.3) lib/rack/runtime.rb:22:in `call'
activesupport (5.1.4) lib/active_support/cache/strategy/local_cache_middleware.rb:27:in `call'
actionpack (5.1.4) lib/action_dispatch/middleware/executor.rb:12:in `call'
actionpack (5.1.4) lib/action_dispatch/middleware/static.rb:125:in `call'
rack (2.0.3) lib/rack/sendfile.rb:111:in `call'
railties (5.1.4) lib/rails/engine.rb:522:in `call'
puma (3.10.0) lib/puma/configuration.rb:225:in `call'
puma (3.10.0) lib/puma/server.rb:605:in `handle_request'
puma (3.10.0) lib/puma/server.rb:437:in `process_client'
puma (3.10.0) lib/puma/server.rb:301:in `block in run'
puma (3.10.0) lib/puma/thread_pool.rb:120:in `block in spawn_thread'
Started GET "/" for 127.0.0.1 at 2017-09-17 01:34:30 -0400
Processing by ApiController#test as HTML
  Rendering api/test.html within layouts/application
  Rendered api/test.html within layouts/application (0.7ms)
Completed 200 OK in 31ms (Views: 29.8ms)


Started POST "/" for 127.0.0.1 at 2017-09-17 01:34:31 -0400
Processing by ApiController#home as */*
  Rendering api/index.html
  Rendered api/index.html (0.8ms)
Completed 200 OK in 8ms (Views: 6.1ms)


  
ActionController::RoutingError (No route matches [GET] "/assets/javascript/script.js"):
  
actionpack (5.1.4) lib/action_dispatch/middleware/debug_exceptions.rb:63:in `call'
web-console (3.5.1) lib/web_console/middleware.rb:135:in `call_app'
web-console (3.5.1) lib/web_console/middleware.rb:28:in `block in call'
web-console (3.5.1) lib/web_console/middleware.rb:18:in `catch'
web-console (3.5.1) lib/web_console/middleware.rb:18:in `call'
actionpack (5.1.4) lib/action_dispatch/middleware/show_exceptions.rb:31:in `call'
railties (5.1.4) lib/rails/rack/logger.rb:36:in `call_app'
railties (5.1.4) lib/rails/rack/logger.rb:24:in `block in call'
activesupport (5.1.4) lib/active_support/tagged_logging.rb:69:in `block in tagged'
activesupport (5.1.4) lib/active_support/tagged_logging.rb:26:in `tagged'
activesupport (5.1.4) lib/active_support/tagged_logging.rb:69:in `tagged'
railties (5.1.4) lib/rails/rack/logger.rb:24:in `call'
sprockets-rails (3.2.1) lib/sprockets/rails/quiet_assets.rb:11:in `block in call'
activesupport (5.1.4) lib/active_support/logger_silence.rb:20:in `silence'
activesupport (5.1.4) lib/active_support/logger.rb:63:in `block (3 levels) in broadcast'
activesupport (5.1.4) lib/active_support/logger_silence.rb:20:in `silence'
activesupport (5.1.4) lib/active_support/logger.rb:61:in `block (2 levels) in broadcast'
sprockets-rails (3.2.1) lib/sprockets/rails/quiet_assets.rb:11:in `call'
actionpack (5.1.4) lib/action_dispatch/middleware/remote_ip.rb:79:in `call'
actionpack (5.1.4) lib/action_dispatch/middleware/request_id.rb:25:in `call'
rack (2.0.3) lib/rack/method_override.rb:22:in `call'
rack (2.0.3) lib/rack/runtime.rb:22:in `call'
activesupport (5.1.4) lib/active_support/cache/strategy/local_cache_middleware.rb:27:in `call'
actionpack (5.1.4) lib/action_dispatch/middleware/executor.rb:12:in `call'
actionpack (5.1.4) lib/action_dispatch/middleware/static.rb:125:in `call'
rack (2.0.3) lib/rack/sendfile.rb:111:in `call'
railties (5.1.4) lib/rails/engine.rb:522:in `call'
puma (3.10.0) lib/puma/configuration.rb:225:in `call'
puma (3.10.0) lib/puma/server.rb:605:in `handle_request'
puma (3.10.0) lib/puma/server.rb:437:in `process_client'
puma (3.10.0) lib/puma/server.rb:301:in `block in run'
puma (3.10.0) lib/puma/thread_pool.rb:120:in `block in spawn_thread'
Started GET "/" for 127.0.0.1 at 2017-09-17 01:34:50 -0400
Processing by ApiController#test as HTML
  Rendering api/test.html within layouts/application
  Rendered api/test.html within layouts/application (0.8ms)
Completed 200 OK in 44ms (Views: 41.6ms)


Started POST "/" for 127.0.0.1 at 2017-09-17 01:34:51 -0400
Processing by ApiController#home as */*
  Rendering api/index.html
  Rendered api/index.html (0.7ms)
Completed 200 OK in 9ms (Views: 5.3ms)


  
ActionController::RoutingError (No route matches [GET] "/assets/javascript/script.js"):
  
actionpack (5.1.4) lib/action_dispatch/middleware/debug_exceptions.rb:63:in `call'
web-console (3.5.1) lib/web_console/middleware.rb:135:in `call_app'
web-console (3.5.1) lib/web_console/middleware.rb:28:in `block in call'
web-console (3.5.1) lib/web_console/middleware.rb:18:in `catch'
web-console (3.5.1) lib/web_console/middleware.rb:18:in `call'
actionpack (5.1.4) lib/action_dispatch/middleware/show_exceptions.rb:31:in `call'
railties (5.1.4) lib/rails/rack/logger.rb:36:in `call_app'
railties (5.1.4) lib/rails/rack/logger.rb:24:in `block in call'
activesupport (5.1.4) lib/active_support/tagged_logging.rb:69:in `block in tagged'
activesupport (5.1.4) lib/active_support/tagged_logging.rb:26:in `tagged'
activesupport (5.1.4) lib/active_support/tagged_logging.rb:69:in `tagged'
railties (5.1.4) lib/rails/rack/logger.rb:24:in `call'
sprockets-rails (3.2.1) lib/sprockets/rails/quiet_assets.rb:11:in `block in call'
activesupport (5.1.4) lib/active_support/logger_silence.rb:20:in `silence'
activesupport (5.1.4) lib/active_support/logger.rb:63:in `block (3 levels) in broadcast'
activesupport (5.1.4) lib/active_support/logger_silence.rb:20:in `silence'
activesupport (5.1.4) lib/active_support/logger.rb:61:in `block (2 levels) in broadcast'
sprockets-rails (3.2.1) lib/sprockets/rails/quiet_assets.rb:11:in `call'
actionpack (5.1.4) lib/action_dispatch/middleware/remote_ip.rb:79:in `call'
actionpack (5.1.4) lib/action_dispatch/middleware/request_id.rb:25:in `call'
rack (2.0.3) lib/rack/method_override.rb:22:in `call'
rack (2.0.3) lib/rack/runtime.rb:22:in `call'
activesupport (5.1.4) lib/active_support/cache/strategy/local_cache_middleware.rb:27:in `call'
actionpack (5.1.4) lib/action_dispatch/middleware/executor.rb:12:in `call'
actionpack (5.1.4) lib/action_dispatch/middleware/static.rb:125:in `call'
rack (2.0.3) lib/rack/sendfile.rb:111:in `call'
railties (5.1.4) lib/rails/engine.rb:522:in `call'
puma (3.10.0) lib/puma/configuration.rb:225:in `call'
puma (3.10.0) lib/puma/server.rb:605:in `handle_request'
puma (3.10.0) lib/puma/server.rb:437:in `process_client'
puma (3.10.0) lib/puma/server.rb:301:in `block in run'
puma (3.10.0) lib/puma/thread_pool.rb:120:in `block in spawn_thread'
Started GET "/" for 127.0.0.1 at 2017-09-17 01:35:04 -0400
Processing by ApiController#test as HTML
  Rendering api/test.html within layouts/application
  Rendered api/test.html within layouts/application (0.4ms)
Completed 200 OK in 39ms (Views: 38.4ms)


Started POST "/" for 127.0.0.1 at 2017-09-17 01:35:05 -0400
Processing by ApiController#home as */*
  Rendering api/index.html
  Rendered api/index.html (1.3ms)
Completed 200 OK in 14ms (Views: 11.9ms)


Started GET "/script.js" for 127.0.0.1 at 2017-09-17 01:35:05 -0400
  
ActionController::RoutingError (No route matches [GET] "/script.js"):
  
actionpack (5.1.4) lib/action_dispatch/middleware/debug_exceptions.rb:63:in `call'
web-console (3.5.1) lib/web_console/middleware.rb:135:in `call_app'
web-console (3.5.1) lib/web_console/middleware.rb:28:in `block in call'
web-console (3.5.1) lib/web_console/middleware.rb:18:in `catch'
web-console (3.5.1) lib/web_console/middleware.rb:18:in `call'
actionpack (5.1.4) lib/action_dispatch/middleware/show_exceptions.rb:31:in `call'
railties (5.1.4) lib/rails/rack/logger.rb:36:in `call_app'
railties (5.1.4) lib/rails/rack/logger.rb:24:in `block in call'
activesupport (5.1.4) lib/active_support/tagged_logging.rb:69:in `block in tagged'
activesupport (5.1.4) lib/active_support/tagged_logging.rb:26:in `tagged'
activesupport (5.1.4) lib/active_support/tagged_logging.rb:69:in `tagged'
railties (5.1.4) lib/rails/rack/logger.rb:24:in `call'
sprockets-rails (3.2.1) lib/sprockets/rails/quiet_assets.rb:13:in `call'
actionpack (5.1.4) lib/action_dispatch/middleware/remote_ip.rb:79:in `call'
actionpack (5.1.4) lib/action_dispatch/middleware/request_id.rb:25:in `call'
rack (2.0.3) lib/rack/method_override.rb:22:in `call'
rack (2.0.3) lib/rack/runtime.rb:22:in `call'
activesupport (5.1.4) lib/active_support/cache/strategy/local_cache_middleware.rb:27:in `call'
actionpack (5.1.4) lib/action_dispatch/middleware/executor.rb:12:in `call'
actionpack (5.1.4) lib/action_dispatch/middleware/static.rb:125:in `call'
rack (2.0.3) lib/rack/sendfile.rb:111:in `call'
railties (5.1.4) lib/rails/engine.rb:522:in `call'
puma (3.10.0) lib/puma/configuration.rb:225:in `call'
puma (3.10.0) lib/puma/server.rb:605:in `handle_request'
puma (3.10.0) lib/puma/server.rb:437:in `process_client'
puma (3.10.0) lib/puma/server.rb:301:in `block in run'
puma (3.10.0) lib/puma/thread_pool.rb:120:in `block in spawn_thread'
Started GET "/" for 127.0.0.1 at 2017-09-17 01:35:55 -0400
Processing by ApiController#test as HTML
  Rendering api/test.html within layouts/application
  Rendered api/test.html within layouts/application (0.6ms)
Completed 200 OK in 42ms (Views: 40.3ms)


Started POST "/" for 127.0.0.1 at 2017-09-17 01:35:56 -0400
Processing by ApiController#home as */*
  Rendering api/index.html
  Rendered api/index.html (0.8ms)
Completed 200 OK in 5ms (Views: 4.1ms)


Started GET "/" for 127.0.0.1 at 2017-09-17 01:40:57 -0400
Processing by ApiController#test as HTML
  Rendering api/test.html within layouts/application
  Rendered api/test.html within layouts/application (0.8ms)
Completed 200 OK in 456ms (Views: 249.1ms)


Started POST "/" for 127.0.0.1 at 2017-09-17 01:40:58 -0400
Processing by ApiController#home as */*
  Rendering api/index.html
  Rendered api/index.html (0.8ms)
Completed 200 OK in 6ms (Views: 4.7ms)


Started GET "/" for 127.0.0.1 at 2017-09-17 01:45:54 -0400
Processing by ApiController#test as HTML
  Rendering api/test.html within layouts/application
  Rendered api/test.html within layouts/application (0.7ms)
Completed 200 OK in 46ms (Views: 45.0ms)


Started POST "/" for 127.0.0.1 at 2017-09-17 01:45:55 -0400
Processing by ApiController#home as */*
  Rendering api/index.html
  Rendered api/index.html (1.0ms)
Completed 200 OK in 7ms (Views: 5.9ms)


Started GET "/" for 127.0.0.1 at 2017-09-17 01:46:43 -0400
Processing by ApiController#test as HTML
  Rendering api/test.html within layouts/application
  Rendered api/test.html within layouts/application (0.5ms)
Completed 200 OK in 22ms (Views: 20.7ms)


Started POST "/" for 127.0.0.1 at 2017-09-17 01:46:44 -0400
Processing by ApiController#home as */*
  Rendering api/index.html
  Rendered api/index.html (1.0ms)
Completed 200 OK in 6ms (Views: 5.2ms)


Started GET "/" for 127.0.0.1 at 2017-09-17 01:47:08 -0400
Processing by ApiController#test as HTML
  Rendering api/test.html within layouts/application
  Rendered api/test.html within layouts/application (0.8ms)
Completed 200 OK in 34ms (Views: 32.4ms)


Started POST "/" for 127.0.0.1 at 2017-09-17 01:47:09 -0400
Processing by ApiController#home as */*
  Rendering api/index.html
  Rendered api/index.html (1.1ms)
Completed 200 OK in 7ms (Views: 6.2ms)


Started GET "/" for 127.0.0.1 at 2017-09-17 01:47:58 -0400
Processing by ApiController#test as HTML
  Rendering api/test.html within layouts/application
  Rendered api/test.html within layouts/application (0.7ms)
Completed 200 OK in 15ms (Views: 13.9ms)


Started GET "/" for 127.0.0.1 at 2017-09-17 01:48:17 -0400
Processing by ApiController#test as HTML
  Rendering api/test.html within layouts/application
  Rendered api/test.html within layouts/application (0.7ms)
Completed 200 OK in 15ms (Views: 13.4ms)


Started POST "/" for 127.0.0.1 at 2017-09-17 01:48:18 -0400
Processing by ApiController#home as */*
Can't verify CSRF token authenticity.
Completed 422 Unprocessable Entity in 1ms


  
ActionController::InvalidAuthenticityToken (ActionController::InvalidAuthenticityToken):
  
actionpack (5.1.4) lib/action_controller/metal/request_forgery_protection.rb:195:in `handle_unverified_request'
actionpack (5.1.4) lib/action_controller/metal/request_forgery_protection.rb:227:in `handle_unverified_request'
actionpack (5.1.4) lib/action_controller/metal/request_forgery_protection.rb:222:in `verify_authenticity_token'
activesupport (5.1.4) lib/active_support/callbacks.rb:413:in `block in make_lambda'
activesupport (5.1.4) lib/active_support/callbacks.rb:197:in `block (2 levels) in halting'
actionpack (5.1.4) lib/abstract_controller/callbacks.rb:12:in `block (2 levels) in <module:Callbacks>'
activesupport (5.1.4) lib/active_support/callbacks.rb:198:in `block in halting'
activesupport (5.1.4) lib/active_support/callbacks.rb:507:in `block in invoke_before'
activesupport (5.1.4) lib/active_support/callbacks.rb:507:in `each'
activesupport (5.1.4) lib/active_support/callbacks.rb:507:in `invoke_before'
activesupport (5.1.4) lib/active_support/callbacks.rb:130:in `run_callbacks'
actionpack (5.1.4) lib/abstract_controller/callbacks.rb:19:in `process_action'
actionpack (5.1.4) lib/action_controller/metal/rescue.rb:20:in `process_action'
actionpack (5.1.4) lib/action_controller/metal/instrumentation.rb:32:in `block in process_action'
activesupport (5.1.4) lib/active_support/notifications.rb:166:in `block in instrument'
activesupport (5.1.4) lib/active_support/notifications/instrumenter.rb:21:in `instrument'
activesupport (5.1.4) lib/active_support/notifications.rb:166:in `instrument'
actionpack (5.1.4) lib/action_controller/metal/instrumentation.rb:30:in `process_action'
actionpack (5.1.4) lib/action_controller/metal/params_wrapper.rb:252:in `process_action'
activerecord (5.1.4) lib/active_record/railties/controller_runtime.rb:22:in `process_action'
actionpack (5.1.4) lib/abstract_controller/base.rb:124:in `process'
actionview (5.1.4) lib/action_view/rendering.rb:30:in `process'
actionpack (5.1.4) lib/action_controller/metal.rb:189:in `dispatch'
actionpack (5.1.4) lib/action_controller/metal.rb:253:in `dispatch'
actionpack (5.1.4) lib/action_dispatch/routing/route_set.rb:49:in `dispatch'
actionpack (5.1.4) lib/action_dispatch/routing/route_set.rb:31:in `serve'
actionpack (5.1.4) lib/action_dispatch/journey/router.rb:50:in `block in serve'
actionpack (5.1.4) lib/action_dispatch/journey/router.rb:33:in `each'
actionpack (5.1.4) lib/action_dispatch/journey/router.rb:33:in `serve'
actionpack (5.1.4) lib/action_dispatch/routing/route_set.rb:834:in `call'
rack (2.0.3) lib/rack/etag.rb:25:in `call'
rack (2.0.3) lib/rack/conditional_get.rb:38:in `call'
rack (2.0.3) lib/rack/head.rb:12:in `call'
rack (2.0.3) lib/rack/session/abstract/id.rb:232:in `context'
rack (2.0.3) lib/rack/session/abstract/id.rb:226:in `call'
actionpack (5.1.4) lib/action_dispatch/middleware/cookies.rb:613:in `call'
activerecord (5.1.4) lib/active_record/migration.rb:556:in `call'
actionpack (5.1.4) lib/action_dispatch/middleware/callbacks.rb:26:in `block in call'
activesupport (5.1.4) lib/active_support/callbacks.rb:97:in `run_callbacks'
actionpack (5.1.4) lib/action_dispatch/middleware/callbacks.rb:24:in `call'
actionpack (5.1.4) lib/action_dispatch/middleware/executor.rb:12:in `call'
actionpack (5.1.4) lib/action_dispatch/middleware/debug_exceptions.rb:59:in `call'
web-console (3.5.1) lib/web_console/middleware.rb:135:in `call_app'
web-console (3.5.1) lib/web_console/middleware.rb:28:in `block in call'
web-console (3.5.1) lib/web_console/middleware.rb:18:in `catch'
web-console (3.5.1) lib/web_console/middleware.rb:18:in `call'
actionpack (5.1.4) lib/action_dispatch/middleware/show_exceptions.rb:31:in `call'
railties (5.1.4) lib/rails/rack/logger.rb:36:in `call_app'
railties (5.1.4) lib/rails/rack/logger.rb:24:in `block in call'
activesupport (5.1.4) lib/active_support/tagged_logging.rb:69:in `block in tagged'
activesupport (5.1.4) lib/active_support/tagged_logging.rb:26:in `tagged'
activesupport (5.1.4) lib/active_support/tagged_logging.rb:69:in `tagged'
railties (5.1.4) lib/rails/rack/logger.rb:24:in `call'
sprockets-rails (3.2.1) lib/sprockets/rails/quiet_assets.rb:13:in `call'
actionpack (5.1.4) lib/action_dispatch/middleware/remote_ip.rb:79:in `call'
actionpack (5.1.4) lib/action_dispatch/middleware/request_id.rb:25:in `call'
rack (2.0.3) lib/rack/method_override.rb:22:in `call'
rack (2.0.3) lib/rack/runtime.rb:22:in `call'
activesupport (5.1.4) lib/active_support/cache/strategy/local_cache_middleware.rb:27:in `call'
actionpack (5.1.4) lib/action_dispatch/middleware/executor.rb:12:in `call'
actionpack (5.1.4) lib/action_dispatch/middleware/static.rb:125:in `call'
rack (2.0.3) lib/rack/sendfile.rb:111:in `call'
railties (5.1.4) lib/rails/engine.rb:522:in `call'
puma (3.10.0) lib/puma/configuration.rb:225:in `call'
puma (3.10.0) lib/puma/server.rb:605:in `handle_request'
puma (3.10.0) lib/puma/server.rb:437:in `process_client'
puma (3.10.0) lib/puma/server.rb:301:in `block in run'
puma (3.10.0) lib/puma/thread_pool.rb:120:in `block in spawn_thread'
Started GET "/" for 127.0.0.1 at 2017-09-17 01:48:48 -0400
Processing by ApiController#test as HTML
  Rendering api/test.html within layouts/application
  Rendered api/test.html within layouts/application (0.5ms)
Completed 200 OK in 13ms (Views: 11.7ms)


Started POST "/" for 127.0.0.1 at 2017-09-17 01:48:49 -0400
Processing by ApiController#home as */*
  Rendering api/index.html
  Rendered api/index.html (3.3ms)
Completed 200 OK in 14ms (Views: 13.7ms)


Started GET "/" for 127.0.0.1 at 2017-09-17 01:51:03 -0400
Processing by ApiController#test as HTML
  Rendering api/test.html within layouts/application
  Rendered api/test.html within layouts/application (0.5ms)
Completed 200 OK in 18ms (Views: 17.1ms)


Started POST "/" for 127.0.0.1 at 2017-09-17 01:51:04 -0400
Processing by ApiController#home as */*
  Rendering api/index.html
  Rendered api/index.html (0.9ms)
Completed 200 OK in 7ms (Views: 6.7ms)


Started GET "/" for 127.0.0.1 at 2017-09-17 01:52:19 -0400
Processing by ApiController#test as HTML
  Rendering api/test.html within layouts/application
  Rendered api/test.html within layouts/application (1.2ms)
Completed 200 OK in 23ms (Views: 22.2ms)


Started POST "/" for 127.0.0.1 at 2017-09-17 01:52:20 -0400
Processing by ApiController#home as */*
  Rendering api/index.html
  Rendered api/index.html (0.7ms)
Completed 200 OK in 5ms (Views: 4.9ms)


Started GET "/" for 127.0.0.1 at 2017-09-17 01:52:22 -0400
Processing by ApiController#test as HTML
  Rendering api/test.html within layouts/application
  Rendered api/test.html within layouts/application (0.5ms)
Completed 200 OK in 17ms (Views: 10.8ms)


Started POST "/" for 127.0.0.1 at 2017-09-17 01:52:23 -0400
Processing by ApiController#home as */*
  Rendering api/index.html
  Rendered api/index.html (1.0ms)
Completed 200 OK in 6ms (Views: 6.3ms)


Started GET "/" for 127.0.0.1 at 2017-09-17 01:52:28 -0400
Processing by ApiController#test as HTML
  Rendering api/test.html within layouts/application
  Rendered api/test.html within layouts/application (0.5ms)
Completed 200 OK in 18ms (Views: 16.8ms)


Started POST "/" for 127.0.0.1 at 2017-09-17 01:52:29 -0400
Processing by ApiController#home as */*
  Rendering api/index.html
  Rendered api/index.html (0.7ms)
Completed 200 OK in 4ms (Views: 4.3ms)


Started GET "/" for 127.0.0.1 at 2017-09-17 01:55:29 -0400
Processing by ApiController#test as HTML
  Rendering api/test.html within layouts/application
  Rendered api/test.html within layouts/application (0.5ms)
Completed 200 OK in 17ms (Views: 16.1ms)


Started POST "/" for 127.0.0.1 at 2017-09-17 01:55:30 -0400
Processing by ApiController#home as */*
  Rendering api/index.html
  Rendered api/index.html (0.9ms)
Completed 200 OK in 7ms (Views: 6.9ms)


Started GET "/" for 127.0.0.1 at 2017-09-17 01:55:31 -0400
Processing by ApiController#test as HTML
  Rendering api/test.html within layouts/application
  Rendered api/test.html within layouts/application (0.5ms)
Completed 200 OK in 24ms (Views: 23.0ms)


Started POST "/" for 127.0.0.1 at 2017-09-17 01:55:32 -0400
Processing by ApiController#home as */*
  Rendering api/index.html
  Rendered api/index.html (0.8ms)
Completed 200 OK in 6ms (Views: 5.8ms)


Started GET "/" for 127.0.0.1 at 2017-09-17 01:55:32 -0400
Processing by ApiController#test as HTML
  Rendering api/test.html within layouts/application
  Rendered api/test.html within layouts/application (0.6ms)
Completed 200 OK in 18ms (Views: 16.9ms)


Started POST "/" for 127.0.0.1 at 2017-09-17 01:55:33 -0400
Processing by ApiController#home as */*
  Rendering api/index.html
  Rendered api/index.html (0.7ms)
Completed 200 OK in 4ms (Views: 4.2ms)


Started GET "/" for 127.0.0.1 at 2017-09-17 01:55:34 -0400
Processing by ApiController#test as HTML
  Rendering api/test.html within layouts/application
  Rendered api/test.html within layouts/application (0.6ms)
Completed 200 OK in 16ms (Views: 14.4ms)


Started POST "/" for 127.0.0.1 at 2017-09-17 01:55:35 -0400
Processing by ApiController#home as */*
  Rendering api/index.html
  Rendered api/index.html (0.9ms)
Completed 200 OK in 5ms (Views: 5.1ms)


Started GET "/" for 127.0.0.1 at 2017-09-17 08:54:30 -0400
Processing by ApiController#test as HTML
  Rendering api/test.html within layouts/application
  Rendered api/test.html within layouts/application (0.6ms)
Completed 200 OK in 38ms (Views: 36.6ms)


Started POST "/" for 127.0.0.1 at 2017-09-17 08:54:31 -0400
Processing by ApiController#home as */*
  Rendering api/index.html
  Rendered api/index.html (0.8ms)
Completed 200 OK in 5ms (Views: 5.1ms)


Started GET "/" for 127.0.0.1 at 2017-09-17 08:54:36 -0400
Processing by ApiController#test as HTML
  Rendering api/test.html within layouts/application
  Rendered api/test.html within layouts/application (0.5ms)
Completed 200 OK in 14ms (Views: 13.0ms)


Started POST "/" for 127.0.0.1 at 2017-09-17 08:54:37 -0400
Processing by ApiController#home as */*
  Rendering api/index.html
  Rendered api/index.html (0.7ms)
Completed 200 OK in 6ms (Views: 5.4ms)


Started GET "/" for 127.0.0.1 at 2017-09-17 08:54:48 -0400
Processing by ApiController#test as HTML
  Rendering api/test.html within layouts/application
  Rendered api/test.html within layouts/application (0.6ms)
Completed 200 OK in 14ms (Views: 12.9ms)


Started POST "/" for 127.0.0.1 at 2017-09-17 08:54:48 -0400
Processing by ApiController#home as */*
  Rendering api/index.html
  Rendered api/index.html (9.9ms)
Completed 200 OK in 15ms (Views: 15.2ms)


Started GET "/" for 127.0.0.1 at 2017-09-17 08:56:11 -0400
Processing by ApiController#test as HTML
  Rendering api/test.html within layouts/application
  Rendered api/test.html within layouts/application (0.4ms)
Completed 200 OK in 7ms (Views: 6.7ms)


Started POST "/" for 127.0.0.1 at 2017-09-17 08:56:12 -0400
Processing by ApiController#home as */*
  Rendering api/index.html
  Rendered api/index.html (1.0ms)
Completed 200 OK in 11ms (Views: 10.7ms)


Started GET "/" for 127.0.0.1 at 2017-09-17 08:57:26 -0400
Processing by ApiController#test as HTML
  Rendering api/test.html within layouts/application
  Rendered api/test.html within layouts/application (1.3ms)
Completed 200 OK in 14ms (Views: 12.9ms)


Started POST "/" for 127.0.0.1 at 2017-09-17 08:57:27 -0400
Processing by ApiController#home as */*
  Rendering api/index.html
  Rendered api/index.html (0.9ms)
Completed 200 OK in 6ms (Views: 5.9ms)


